[14:05:03] Begin /home/vidal/pi-gen
[14:05:03] Begin /home/vidal/pi-gen/stage0
[14:05:03] Begin /home/vidal/pi-gen/stage0/prerun.sh
[14:29:29] End /home/vidal/pi-gen/stage0/prerun.sh
[14:29:29] Begin /home/vidal/pi-gen/stage0/00-configure-apt
[14:29:29] Begin /home/vidal/pi-gen/stage0/00-configure-apt/00-run.sh
[14:31:07] End /home/vidal/pi-gen/stage0/00-configure-apt/00-run.sh
[14:31:07] End /home/vidal/pi-gen/stage0/00-configure-apt
[14:31:07] Begin /home/vidal/pi-gen/stage0/01-locale
[14:31:07] Begin /home/vidal/pi-gen/stage0/01-locale/00-debconf
[14:31:08] End /home/vidal/pi-gen/stage0/01-locale/00-debconf
[14:31:08] Begin /home/vidal/pi-gen/stage0/01-locale/00-packages
[14:32:13] End /home/vidal/pi-gen/stage0/01-locale/00-packages
[14:32:13] End /home/vidal/pi-gen/stage0/01-locale
[14:32:13] Begin /home/vidal/pi-gen/stage0/02-firmware
[14:32:13] Begin /home/vidal/pi-gen/stage0/02-firmware/01-packages
[14:34:20] End /home/vidal/pi-gen/stage0/02-firmware/01-packages
[14:34:20] End /home/vidal/pi-gen/stage0/02-firmware
[14:34:20] Begin /home/vidal/pi-gen/stage0/files
[14:34:20] End /home/vidal/pi-gen/stage0/files
[14:34:20] End /home/vidal/pi-gen/stage0
[14:34:20] Begin /home/vidal/pi-gen/stage1
[14:34:20] Begin /home/vidal/pi-gen/stage1/prerun.sh
[14:34:22] End /home/vidal/pi-gen/stage1/prerun.sh
[14:34:22] Begin /home/vidal/pi-gen/stage1/00-boot-files
[14:34:22] Begin /home/vidal/pi-gen/stage1/00-boot-files/00-run.sh
[14:34:22] End /home/vidal/pi-gen/stage1/00-boot-files/00-run.sh
[14:34:22] End /home/vidal/pi-gen/stage1/00-boot-files
[14:34:22] Begin /home/vidal/pi-gen/stage1/01-sys-tweaks
[14:34:22] Begin /home/vidal/pi-gen/stage1/01-sys-tweaks/00-patches
[14:34:22] End /home/vidal/pi-gen/stage1/01-sys-tweaks/00-patches
[14:34:22] Begin /home/vidal/pi-gen/stage1/01-sys-tweaks/00-run.sh
[14:34:25] End /home/vidal/pi-gen/stage1/01-sys-tweaks/00-run.sh
[14:34:25] End /home/vidal/pi-gen/stage1/01-sys-tweaks
[14:34:25] Begin /home/vidal/pi-gen/stage1/02-net-tweaks
[14:34:25] Begin /home/vidal/pi-gen/stage1/02-net-tweaks/00-patches
[14:34:25] End /home/vidal/pi-gen/stage1/02-net-tweaks/00-patches
[14:34:25] Begin /home/vidal/pi-gen/stage1/02-net-tweaks/00-run.sh
[14:34:25] End /home/vidal/pi-gen/stage1/02-net-tweaks/00-run.sh
[14:34:25] End /home/vidal/pi-gen/stage1/02-net-tweaks
[14:34:25] Begin /home/vidal/pi-gen/stage1/03-install-packages
[14:34:25] Begin /home/vidal/pi-gen/stage1/03-install-packages/00-packages
[14:35:26] End /home/vidal/pi-gen/stage1/03-install-packages/00-packages
[14:35:26] End /home/vidal/pi-gen/stage1/03-install-packages
[14:35:26] End /home/vidal/pi-gen/stage1
[14:35:26] Begin /home/vidal/pi-gen/stage2
[14:35:26] Begin /home/vidal/pi-gen/stage2/prerun.sh
[14:35:28] End /home/vidal/pi-gen/stage2/prerun.sh
[14:35:28] Begin /home/vidal/pi-gen/stage2/00-copies-and-fills
[14:35:28] Begin /home/vidal/pi-gen/stage2/00-copies-and-fills/00-run.sh
[14:35:28] End /home/vidal/pi-gen/stage2/00-copies-and-fills/00-run.sh
[14:35:28] Begin /home/vidal/pi-gen/stage2/00-copies-and-fills/01-packages
[14:35:38] End /home/vidal/pi-gen/stage2/00-copies-and-fills/01-packages
[14:35:38] Begin /home/vidal/pi-gen/stage2/00-copies-and-fills/02-run.sh
[14:35:38] End /home/vidal/pi-gen/stage2/00-copies-and-fills/02-run.sh
[14:35:38] End /home/vidal/pi-gen/stage2/00-copies-and-fills
[14:35:38] Begin /home/vidal/pi-gen/stage2/01-sys-tweaks
[14:35:38] Begin /home/vidal/pi-gen/stage2/01-sys-tweaks/00-debconf
[14:35:40] End /home/vidal/pi-gen/stage2/01-sys-tweaks/00-debconf
[14:35:40] Begin /home/vidal/pi-gen/stage2/01-sys-tweaks/00-packages-nr
[14:36:25] End /home/vidal/pi-gen/stage2/01-sys-tweaks/00-packages-nr
[14:36:25] Begin /home/vidal/pi-gen/stage2/01-sys-tweaks/00-packages
[14:50:53] End /home/vidal/pi-gen/stage2/01-sys-tweaks/00-packages
[14:50:53] Begin /home/vidal/pi-gen/stage2/01-sys-tweaks/00-patches
[14:50:53] End /home/vidal/pi-gen/stage2/01-sys-tweaks/00-patches
[14:50:53] Begin /home/vidal/pi-gen/stage2/01-sys-tweaks/01-run.sh
[14:51:20] End /home/vidal/pi-gen/stage2/01-sys-tweaks/01-run.sh
[14:51:20] End /home/vidal/pi-gen/stage2/01-sys-tweaks
[14:51:20] Begin /home/vidal/pi-gen/stage2/02-net-tweaks
[14:51:20] Begin /home/vidal/pi-gen/stage2/02-net-tweaks/00-packages
[14:52:34] End /home/vidal/pi-gen/stage2/02-net-tweaks/00-packages
[14:52:34] Begin /home/vidal/pi-gen/stage2/02-net-tweaks/01-run.sh
[14:52:34] End /home/vidal/pi-gen/stage2/02-net-tweaks/01-run.sh
[14:52:34] End /home/vidal/pi-gen/stage2/02-net-tweaks
[14:52:34] End /home/vidal/pi-gen/stage2
[14:52:34] Begin /home/vidal/pi-gen/stage3
[14:52:34] Begin /home/vidal/pi-gen/stage3/prerun.sh
[14:52:39] End /home/vidal/pi-gen/stage3/prerun.sh
[14:52:39] Begin /home/vidal/pi-gen/stage3/00-install-packages
[14:52:39] Begin /home/vidal/pi-gen/stage3/00-install-packages/00-debconf
[14:52:41] End /home/vidal/pi-gen/stage3/00-install-packages/00-debconf
[14:52:41] Begin /home/vidal/pi-gen/stage3/00-install-packages/00-packages-nr
[15:02:36] End /home/vidal/pi-gen/stage3/00-install-packages/00-packages-nr
[15:02:36] Begin /home/vidal/pi-gen/stage3/00-install-packages/00-packages
[15:09:53] End /home/vidal/pi-gen/stage3/00-install-packages/00-packages
[15:09:53] Begin /home/vidal/pi-gen/stage3/00-install-packages/01-run.sh
[15:09:53] End /home/vidal/pi-gen/stage3/00-install-packages/01-run.sh
[15:09:53] End /home/vidal/pi-gen/stage3/00-install-packages
[15:09:53] Begin /home/vidal/pi-gen/stage3/01-tweaks
[15:09:53] Begin /home/vidal/pi-gen/stage3/01-tweaks/00-run.sh
[15:09:53] End /home/vidal/pi-gen/stage3/01-tweaks/00-run.sh
[15:09:53] End /home/vidal/pi-gen/stage3/01-tweaks
[15:09:53] End /home/vidal/pi-gen/stage3
[15:09:53] Begin /home/vidal/pi-gen/stage4
[15:09:53] Begin /home/vidal/pi-gen/stage4/prerun.sh
[15:10:10] End /home/vidal/pi-gen/stage4/prerun.sh
[15:10:10] Begin /home/vidal/pi-gen/stage4/00-install-packages
[15:10:10] Begin /home/vidal/pi-gen/stage4/00-install-packages/00-debconf
[15:10:21] End /home/vidal/pi-gen/stage4/00-install-packages/00-debconf
[15:10:21] Begin /home/vidal/pi-gen/stage4/00-install-packages/00-packages-nr
[15:17:50] End /home/vidal/pi-gen/stage4/00-install-packages/00-packages-nr
[15:17:50] Begin /home/vidal/pi-gen/stage4/00-install-packages/00-packages
[15:41:44] End /home/vidal/pi-gen/stage4/00-install-packages/00-packages
[15:41:44] Begin /home/vidal/pi-gen/stage4/00-install-packages/01-packages
[15:44:15] End /home/vidal/pi-gen/stage4/00-install-packages/01-packages
[15:44:15] Begin /home/vidal/pi-gen/stage4/00-install-packages/02-packages
[15:54:12] End /home/vidal/pi-gen/stage4/00-install-packages/02-packages
[15:54:12] End /home/vidal/pi-gen/stage4/00-install-packages
[15:54:12] Begin /home/vidal/pi-gen/stage4/01-console-autologin
[15:54:12] Begin /home/vidal/pi-gen/stage4/01-console-autologin/00-run.sh
[15:54:12] End /home/vidal/pi-gen/stage4/01-console-autologin/00-run.sh
[15:54:12] End /home/vidal/pi-gen/stage4/01-console-autologin
[15:54:12] Begin /home/vidal/pi-gen/stage4/02-extras
[15:54:12] Begin /home/vidal/pi-gen/stage4/02-extras/00-run.sh
[15:54:20] End /home/vidal/pi-gen/stage4/02-extras/00-run.sh
[15:54:20] End /home/vidal/pi-gen/stage4/02-extras
[15:54:20] End /home/vidal/pi-gen/stage4
[15:54:20] Begin /home/vidal/pi-gen/stage5
[15:54:20] Begin /home/vidal/pi-gen/stage5/prerun.sh
[15:56:25] End /home/vidal/pi-gen/stage5/prerun.sh
[15:56:25] Begin /home/vidal/pi-gen/stage5/00-install-mathematica
[15:56:25] Begin /home/vidal/pi-gen/stage5/00-install-mathematica/00-debconf
[15:56:28] End /home/vidal/pi-gen/stage5/00-install-mathematica/00-debconf
[15:56:28] Begin /home/vidal/pi-gen/stage5/00-install-mathematica/00-packages
[16:04:00] End /home/vidal/pi-gen/stage5/00-install-mathematica/00-packages
[16:04:00] End /home/vidal/pi-gen/stage5/00-install-mathematica
[16:04:00] End /home/vidal/pi-gen/stage5
[16:04:00] Begin /home/vidal/pi-gen/export-image
[16:04:00] Begin /home/vidal/pi-gen/export-image/prerun.sh
[16:04:21] End /home/vidal/pi-gen/export-image/prerun.sh
[16:04:21] Begin /home/vidal/pi-gen/export-image/00-allow-rerun
[16:04:21] Begin /home/vidal/pi-gen/export-image/00-allow-rerun/00-run.sh
[16:04:21] End /home/vidal/pi-gen/export-image/00-allow-rerun/00-run.sh
[16:04:21] End /home/vidal/pi-gen/export-image/00-allow-rerun
[16:04:21] Begin /home/vidal/pi-gen/export-image/01-set-sources
[16:04:21] Begin /home/vidal/pi-gen/export-image/01-set-sources/00-patches
[16:04:22] End /home/vidal/pi-gen/export-image/01-set-sources/00-patches
[16:04:22] Begin /home/vidal/pi-gen/export-image/01-set-sources/01-run.sh
[16:04:51] End /home/vidal/pi-gen/export-image/01-set-sources/01-run.sh
[16:04:51] End /home/vidal/pi-gen/export-image/01-set-sources
[16:04:51] Begin /home/vidal/pi-gen/export-image/02-network
[16:04:51] Begin /home/vidal/pi-gen/export-image/02-network/01-run.sh
[16:04:51] End /home/vidal/pi-gen/export-image/02-network/01-run.sh
[16:04:51] End /home/vidal/pi-gen/export-image/02-network
[16:04:51] Begin /home/vidal/pi-gen/export-image/03-set-partuuid
[16:04:51] Begin /home/vidal/pi-gen/export-image/03-set-partuuid/00-run.sh
[16:04:51] End /home/vidal/pi-gen/export-image/03-set-partuuid/00-run.sh
[16:04:51] End /home/vidal/pi-gen/export-image/03-set-partuuid
[16:04:51] Begin /home/vidal/pi-gen/export-image/04-finalise
[16:04:51] Begin /home/vidal/pi-gen/export-image/04-finalise/01-run.sh
[16:06:08] End /home/vidal/pi-gen/export-image/04-finalise/01-run.sh
[16:06:08] End /home/vidal/pi-gen/export-image/04-finalise
[16:06:08] End /home/vidal/pi-gen/export-image
[16:06:08] Begin /home/vidal/pi-gen/export-noobs
[16:06:08] Begin /home/vidal/pi-gen/export-noobs/prerun.sh
[16:09:02] End /home/vidal/pi-gen/export-noobs/prerun.sh
[16:09:02] Begin /home/vidal/pi-gen/export-noobs/00-release
[16:09:02] Begin /home/vidal/pi-gen/export-noobs/00-release/00-run.sh
[16:09:03] End /home/vidal/pi-gen/export-noobs/00-release/00-run.sh
[16:09:03] End /home/vidal/pi-gen/export-noobs/00-release
[16:09:03] End /home/vidal/pi-gen/export-noobs
[16:09:03] Begin /home/vidal/pi-gen/export-image
[16:09:03] Begin /home/vidal/pi-gen/export-image/prerun.sh
[16:11:12] End /home/vidal/pi-gen/export-image/prerun.sh
[16:11:12] Begin /home/vidal/pi-gen/export-image/00-allow-rerun
[16:11:12] Begin /home/vidal/pi-gen/export-image/00-allow-rerun/00-run.sh
[16:11:12] End /home/vidal/pi-gen/export-image/00-allow-rerun/00-run.sh
[16:11:12] End /home/vidal/pi-gen/export-image/00-allow-rerun
[16:11:12] Begin /home/vidal/pi-gen/export-image/01-set-sources
[16:11:12] Begin /home/vidal/pi-gen/export-image/01-set-sources/00-patches
[16:11:13] End /home/vidal/pi-gen/export-image/01-set-sources/00-patches
[16:11:13] Begin /home/vidal/pi-gen/export-image/01-set-sources/01-run.sh
[16:11:45] End /home/vidal/pi-gen/export-image/01-set-sources/01-run.sh
[16:11:45] End /home/vidal/pi-gen/export-image/01-set-sources
[16:11:45] Begin /home/vidal/pi-gen/export-image/02-network
[16:11:45] Begin /home/vidal/pi-gen/export-image/02-network/01-run.sh
[16:11:45] End /home/vidal/pi-gen/export-image/02-network/01-run.sh
[16:11:45] End /home/vidal/pi-gen/export-image/02-network
[16:11:45] Begin /home/vidal/pi-gen/export-image/03-set-partuuid
[16:11:45] Begin /home/vidal/pi-gen/export-image/03-set-partuuid/00-run.sh
[16:11:45] End /home/vidal/pi-gen/export-image/03-set-partuuid/00-run.sh
[16:11:45] End /home/vidal/pi-gen/export-image/03-set-partuuid
[16:11:45] Begin /home/vidal/pi-gen/export-image/04-finalise
[16:11:45] Begin /home/vidal/pi-gen/export-image/04-finalise/01-run.sh
[16:17:16] End /home/vidal/pi-gen/export-image/04-finalise/01-run.sh
[16:17:16] End /home/vidal/pi-gen/export-image/04-finalise
[16:17:16] End /home/vidal/pi-gen/export-image
[16:17:16] Begin /home/vidal/pi-gen/export-image
[16:17:16] Begin /home/vidal/pi-gen/export-image/prerun.sh
[16:20:52] End /home/vidal/pi-gen/export-image/prerun.sh
[16:20:52] Begin /home/vidal/pi-gen/export-image/00-allow-rerun
[16:20:52] Begin /home/vidal/pi-gen/export-image/00-allow-rerun/00-run.sh
[16:20:52] End /home/vidal/pi-gen/export-image/00-allow-rerun/00-run.sh
[16:20:52] End /home/vidal/pi-gen/export-image/00-allow-rerun
[16:20:52] Begin /home/vidal/pi-gen/export-image/01-set-sources
[16:20:52] Begin /home/vidal/pi-gen/export-image/01-set-sources/00-patches
[16:20:52] End /home/vidal/pi-gen/export-image/01-set-sources/00-patches
[16:20:52] Begin /home/vidal/pi-gen/export-image/01-set-sources/01-run.sh
[16:21:28] End /home/vidal/pi-gen/export-image/01-set-sources/01-run.sh
[16:21:28] End /home/vidal/pi-gen/export-image/01-set-sources
[16:21:28] Begin /home/vidal/pi-gen/export-image/02-network
[16:21:28] Begin /home/vidal/pi-gen/export-image/02-network/01-run.sh
[16:21:28] End /home/vidal/pi-gen/export-image/02-network/01-run.sh
[16:21:28] End /home/vidal/pi-gen/export-image/02-network
[16:21:28] Begin /home/vidal/pi-gen/export-image/03-set-partuuid
[16:21:28] Begin /home/vidal/pi-gen/export-image/03-set-partuuid/00-run.sh
[16:21:29] End /home/vidal/pi-gen/export-image/03-set-partuuid/00-run.sh
[16:21:29] End /home/vidal/pi-gen/export-image/03-set-partuuid
[16:21:29] Begin /home/vidal/pi-gen/export-image/04-finalise
[16:21:29] Begin /home/vidal/pi-gen/export-image/04-finalise/01-run.sh
[16:28:02] End /home/vidal/pi-gen/export-image/04-finalise/01-run.sh
[16:28:02] End /home/vidal/pi-gen/export-image/04-finalise
[16:28:02] End /home/vidal/pi-gen/export-image
[16:28:02] Begin /home/vidal/pi-gen/export-noobs
[16:28:02] Begin /home/vidal/pi-gen/export-noobs/prerun.sh
[16:45:28] End /home/vidal/pi-gen/export-noobs/prerun.sh
[16:45:28] Begin /home/vidal/pi-gen/export-noobs/00-release
[16:45:28] Begin /home/vidal/pi-gen/export-noobs/00-release/00-run.sh
[16:45:37] End /home/vidal/pi-gen/export-noobs/00-release/00-run.sh
[16:45:37] End /home/vidal/pi-gen/export-noobs/00-release
[16:45:37] End /home/vidal/pi-gen/export-noobs
[16:45:38] End /home/vidal/pi-gen
