[08:14:23] Begin /home/vidal/pi-gen
[08:14:23] Begin /home/vidal/pi-gen/stage0
[08:14:23] Begin /home/vidal/pi-gen/stage0/prerun.sh
[08:39:09] End /home/vidal/pi-gen/stage0/prerun.sh
[08:39:09] Begin /home/vidal/pi-gen/stage0/00-configure-apt
[08:39:09] Begin /home/vidal/pi-gen/stage0/00-configure-apt/00-run.sh
[08:40:40] End /home/vidal/pi-gen/stage0/00-configure-apt/00-run.sh
[08:40:40] End /home/vidal/pi-gen/stage0/00-configure-apt
[08:40:40] Begin /home/vidal/pi-gen/stage0/01-locale
[08:40:40] Begin /home/vidal/pi-gen/stage0/01-locale/00-debconf
[08:40:42] End /home/vidal/pi-gen/stage0/01-locale/00-debconf
[08:40:42] Begin /home/vidal/pi-gen/stage0/01-locale/00-packages
[08:41:44] End /home/vidal/pi-gen/stage0/01-locale/00-packages
[08:41:44] End /home/vidal/pi-gen/stage0/01-locale
[08:41:44] Begin /home/vidal/pi-gen/stage0/02-firmware
[08:41:44] Begin /home/vidal/pi-gen/stage0/02-firmware/01-packages
[08:46:24] End /home/vidal/pi-gen/stage0/02-firmware/01-packages
[08:46:24] End /home/vidal/pi-gen/stage0/02-firmware
[08:46:24] Begin /home/vidal/pi-gen/stage0/files
[08:46:24] End /home/vidal/pi-gen/stage0/files
[08:46:24] End /home/vidal/pi-gen/stage0
[08:46:24] Begin /home/vidal/pi-gen/stage1
[08:46:24] Begin /home/vidal/pi-gen/stage1/prerun.sh
[08:46:26] End /home/vidal/pi-gen/stage1/prerun.sh
[08:46:26] Begin /home/vidal/pi-gen/stage1/00-boot-files
[08:46:26] Begin /home/vidal/pi-gen/stage1/00-boot-files/00-run.sh
[08:46:26] End /home/vidal/pi-gen/stage1/00-boot-files/00-run.sh
[08:46:26] End /home/vidal/pi-gen/stage1/00-boot-files
[08:46:26] Begin /home/vidal/pi-gen/stage1/01-sys-tweaks
[08:46:26] Begin /home/vidal/pi-gen/stage1/01-sys-tweaks/00-patches
[08:46:26] End /home/vidal/pi-gen/stage1/01-sys-tweaks/00-patches
[08:46:26] Begin /home/vidal/pi-gen/stage1/01-sys-tweaks/00-run.sh
[08:46:29] End /home/vidal/pi-gen/stage1/01-sys-tweaks/00-run.sh
[08:46:29] End /home/vidal/pi-gen/stage1/01-sys-tweaks
[08:46:29] Begin /home/vidal/pi-gen/stage1/02-net-tweaks
[08:46:29] Begin /home/vidal/pi-gen/stage1/02-net-tweaks/00-patches
[08:46:29] End /home/vidal/pi-gen/stage1/02-net-tweaks/00-patches
[08:46:29] Begin /home/vidal/pi-gen/stage1/02-net-tweaks/00-run.sh
[08:46:29] End /home/vidal/pi-gen/stage1/02-net-tweaks/00-run.sh
[08:46:29] End /home/vidal/pi-gen/stage1/02-net-tweaks
[08:46:29] Begin /home/vidal/pi-gen/stage1/03-install-packages
[08:46:29] Begin /home/vidal/pi-gen/stage1/03-install-packages/00-packages
[08:47:30] End /home/vidal/pi-gen/stage1/03-install-packages/00-packages
[08:47:30] End /home/vidal/pi-gen/stage1/03-install-packages
[08:47:30] End /home/vidal/pi-gen/stage1
[08:47:30] Begin /home/vidal/pi-gen/stage2
[08:47:30] Begin /home/vidal/pi-gen/stage2/prerun.sh
[08:47:32] End /home/vidal/pi-gen/stage2/prerun.sh
[08:47:32] Begin /home/vidal/pi-gen/stage2/00-copies-and-fills
[08:47:32] Begin /home/vidal/pi-gen/stage2/00-copies-and-fills/00-run.sh
[08:47:32] End /home/vidal/pi-gen/stage2/00-copies-and-fills/00-run.sh
[08:47:32] Begin /home/vidal/pi-gen/stage2/00-copies-and-fills/01-packages
[08:47:45] End /home/vidal/pi-gen/stage2/00-copies-and-fills/01-packages
[08:47:45] Begin /home/vidal/pi-gen/stage2/00-copies-and-fills/02-run.sh
[08:47:45] End /home/vidal/pi-gen/stage2/00-copies-and-fills/02-run.sh
[08:47:45] End /home/vidal/pi-gen/stage2/00-copies-and-fills
[08:47:45] Begin /home/vidal/pi-gen/stage2/01-sys-tweaks
[08:47:45] Begin /home/vidal/pi-gen/stage2/01-sys-tweaks/00-debconf
[08:47:47] End /home/vidal/pi-gen/stage2/01-sys-tweaks/00-debconf
[08:47:47] Begin /home/vidal/pi-gen/stage2/01-sys-tweaks/00-packages-nr
[08:48:29] End /home/vidal/pi-gen/stage2/01-sys-tweaks/00-packages-nr
[08:48:29] Begin /home/vidal/pi-gen/stage2/01-sys-tweaks/00-packages
[09:04:21] End /home/vidal/pi-gen/stage2/01-sys-tweaks/00-packages
[09:04:21] Begin /home/vidal/pi-gen/stage2/01-sys-tweaks/00-patches
[09:04:21] End /home/vidal/pi-gen/stage2/01-sys-tweaks/00-patches
[09:04:21] Begin /home/vidal/pi-gen/stage2/01-sys-tweaks/01-run.sh
[09:04:48] End /home/vidal/pi-gen/stage2/01-sys-tweaks/01-run.sh
[09:04:48] End /home/vidal/pi-gen/stage2/01-sys-tweaks
[09:04:48] Begin /home/vidal/pi-gen/stage2/02-net-tweaks
[09:04:48] Begin /home/vidal/pi-gen/stage2/02-net-tweaks/00-packages
[09:06:02] End /home/vidal/pi-gen/stage2/02-net-tweaks/00-packages
[09:06:02] Begin /home/vidal/pi-gen/stage2/02-net-tweaks/01-run.sh
[09:06:02] End /home/vidal/pi-gen/stage2/02-net-tweaks/01-run.sh
[09:06:02] End /home/vidal/pi-gen/stage2/02-net-tweaks
[09:06:02] End /home/vidal/pi-gen/stage2
[09:06:02] Begin /home/vidal/pi-gen/stage3
[09:06:02] Begin /home/vidal/pi-gen/stage3/prerun.sh
[09:06:07] End /home/vidal/pi-gen/stage3/prerun.sh
[09:06:07] Begin /home/vidal/pi-gen/stage3/00-install-packages
[09:06:07] Begin /home/vidal/pi-gen/stage3/00-install-packages/00-debconf
[09:06:09] End /home/vidal/pi-gen/stage3/00-install-packages/00-debconf
[09:06:09] Begin /home/vidal/pi-gen/stage3/00-install-packages/00-packages-nr
[09:16:00] End /home/vidal/pi-gen/stage3/00-install-packages/00-packages-nr
[09:16:00] Begin /home/vidal/pi-gen/stage3/00-install-packages/00-packages
[09:27:09] End /home/vidal/pi-gen/stage3/00-install-packages/00-packages
[09:27:09] Begin /home/vidal/pi-gen/stage3/00-install-packages/01-run.sh
[09:27:09] End /home/vidal/pi-gen/stage3/00-install-packages/01-run.sh
[09:27:09] End /home/vidal/pi-gen/stage3/00-install-packages
[09:27:09] Begin /home/vidal/pi-gen/stage3/01-tweaks
[09:27:09] Begin /home/vidal/pi-gen/stage3/01-tweaks/00-run.sh
[09:27:09] End /home/vidal/pi-gen/stage3/01-tweaks/00-run.sh
[09:27:09] End /home/vidal/pi-gen/stage3/01-tweaks
[09:27:09] End /home/vidal/pi-gen/stage3
[09:27:09] Begin /home/vidal/pi-gen/stage4
[09:27:09] Begin /home/vidal/pi-gen/stage4/prerun.sh
[09:27:32] End /home/vidal/pi-gen/stage4/prerun.sh
[09:27:32] Begin /home/vidal/pi-gen/stage4/00-install-packages
[09:27:32] Begin /home/vidal/pi-gen/stage4/00-install-packages/00-debconf
[09:27:38] End /home/vidal/pi-gen/stage4/00-install-packages/00-debconf
[09:27:38] Begin /home/vidal/pi-gen/stage4/00-install-packages/00-packages-nr
[09:33:05] End /home/vidal/pi-gen/stage4/00-install-packages/00-packages-nr
[09:33:05] Begin /home/vidal/pi-gen/stage4/00-install-packages/00-packages
[10:14:49] End /home/vidal/pi-gen/stage4/00-install-packages/00-packages
[10:14:49] Begin /home/vidal/pi-gen/stage4/00-install-packages/01-packages
[10:17:21] End /home/vidal/pi-gen/stage4/00-install-packages/01-packages
[10:17:21] Begin /home/vidal/pi-gen/stage4/00-install-packages/02-packages
[10:26:11] End /home/vidal/pi-gen/stage4/00-install-packages/02-packages
[10:26:11] End /home/vidal/pi-gen/stage4/00-install-packages
[10:26:11] Begin /home/vidal/pi-gen/stage4/01-console-autologin
[10:26:11] Begin /home/vidal/pi-gen/stage4/01-console-autologin/00-run.sh
[10:26:11] End /home/vidal/pi-gen/stage4/01-console-autologin/00-run.sh
[10:26:11] End /home/vidal/pi-gen/stage4/01-console-autologin
[10:26:11] Begin /home/vidal/pi-gen/stage4/02-extras
[10:26:11] Begin /home/vidal/pi-gen/stage4/02-extras/00-run.sh
[10:26:13] End /home/vidal/pi-gen/stage4/02-extras/00-run.sh
[10:26:13] Begin /home/vidal/pi-gen/stage4/02-extras/01-run.sh
[10:26:24] End /home/vidal/pi-gen/stage4/02-extras/01-run.sh
[10:26:24] End /home/vidal/pi-gen/stage4/02-extras
[10:26:25] End /home/vidal/pi-gen/stage4
[10:26:25] Begin /home/vidal/pi-gen/stage5
[10:26:25] Begin /home/vidal/pi-gen/stage5/prerun.sh
[10:30:28] End /home/vidal/pi-gen/stage5/prerun.sh
[10:30:28] Begin /home/vidal/pi-gen/stage5/00-install-mathematica
[10:30:28] Begin /home/vidal/pi-gen/stage5/00-install-mathematica/00-debconf
[10:30:34] End /home/vidal/pi-gen/stage5/00-install-mathematica/00-debconf
[10:30:34] Begin /home/vidal/pi-gen/stage5/00-install-mathematica/00-packages
[10:38:49] End /home/vidal/pi-gen/stage5/00-install-mathematica/00-packages
[10:38:49] End /home/vidal/pi-gen/stage5/00-install-mathematica
[10:38:49] End /home/vidal/pi-gen/stage5
[10:38:49] Begin /home/vidal/pi-gen/export-image
[10:38:49] Begin /home/vidal/pi-gen/export-image/prerun.sh
[10:39:53] End /home/vidal/pi-gen/export-image/prerun.sh
[10:39:53] Begin /home/vidal/pi-gen/export-image/00-allow-rerun
[10:39:53] Begin /home/vidal/pi-gen/export-image/00-allow-rerun/00-run.sh
[10:39:53] End /home/vidal/pi-gen/export-image/00-allow-rerun/00-run.sh
[10:39:53] End /home/vidal/pi-gen/export-image/00-allow-rerun
[10:39:53] Begin /home/vidal/pi-gen/export-image/01-set-sources
[10:39:53] Begin /home/vidal/pi-gen/export-image/01-set-sources/00-patches
[10:39:53] End /home/vidal/pi-gen/export-image/01-set-sources/00-patches
[10:39:53] Begin /home/vidal/pi-gen/export-image/01-set-sources/01-run.sh
[10:40:24] End /home/vidal/pi-gen/export-image/01-set-sources/01-run.sh
[10:40:24] End /home/vidal/pi-gen/export-image/01-set-sources
[10:40:24] Begin /home/vidal/pi-gen/export-image/02-network
[10:40:24] Begin /home/vidal/pi-gen/export-image/02-network/01-run.sh
[10:40:24] End /home/vidal/pi-gen/export-image/02-network/01-run.sh
[10:40:24] End /home/vidal/pi-gen/export-image/02-network
[10:40:24] Begin /home/vidal/pi-gen/export-image/03-set-partuuid
[10:40:24] Begin /home/vidal/pi-gen/export-image/03-set-partuuid/00-run.sh
[10:40:24] End /home/vidal/pi-gen/export-image/03-set-partuuid/00-run.sh
[10:40:24] End /home/vidal/pi-gen/export-image/03-set-partuuid
[10:40:24] Begin /home/vidal/pi-gen/export-image/04-finalise
[10:40:24] Begin /home/vidal/pi-gen/export-image/04-finalise/01-run.sh
[10:41:38] End /home/vidal/pi-gen/export-image/04-finalise/01-run.sh
[10:41:38] End /home/vidal/pi-gen/export-image/04-finalise
[10:41:38] End /home/vidal/pi-gen/export-image
[10:41:38] Begin /home/vidal/pi-gen/export-noobs
[10:41:38] Begin /home/vidal/pi-gen/export-noobs/prerun.sh
[10:44:29] End /home/vidal/pi-gen/export-noobs/prerun.sh
[10:44:29] Begin /home/vidal/pi-gen/export-noobs/00-release
[10:44:29] Begin /home/vidal/pi-gen/export-noobs/00-release/00-run.sh
[10:44:30] End /home/vidal/pi-gen/export-noobs/00-release/00-run.sh
[10:44:30] End /home/vidal/pi-gen/export-noobs/00-release
[10:44:30] End /home/vidal/pi-gen/export-noobs
[10:44:30] Begin /home/vidal/pi-gen/export-image
[10:44:30] Begin /home/vidal/pi-gen/export-image/prerun.sh
[10:47:52] End /home/vidal/pi-gen/export-image/prerun.sh
[10:47:52] Begin /home/vidal/pi-gen/export-image/00-allow-rerun
[10:47:52] Begin /home/vidal/pi-gen/export-image/00-allow-rerun/00-run.sh
[10:47:52] End /home/vidal/pi-gen/export-image/00-allow-rerun/00-run.sh
[10:47:52] End /home/vidal/pi-gen/export-image/00-allow-rerun
[10:47:52] Begin /home/vidal/pi-gen/export-image/01-set-sources
[10:47:52] Begin /home/vidal/pi-gen/export-image/01-set-sources/00-patches
[10:47:52] End /home/vidal/pi-gen/export-image/01-set-sources/00-patches
[10:47:52] Begin /home/vidal/pi-gen/export-image/01-set-sources/01-run.sh
[10:48:18] End /home/vidal/pi-gen/export-image/01-set-sources/01-run.sh
[10:48:19] End /home/vidal/pi-gen/export-image/01-set-sources
[10:48:19] Begin /home/vidal/pi-gen/export-image/02-network
[10:48:19] Begin /home/vidal/pi-gen/export-image/02-network/01-run.sh
[10:48:19] End /home/vidal/pi-gen/export-image/02-network/01-run.sh
[10:48:19] End /home/vidal/pi-gen/export-image/02-network
[10:48:19] Begin /home/vidal/pi-gen/export-image/03-set-partuuid
[10:48:19] Begin /home/vidal/pi-gen/export-image/03-set-partuuid/00-run.sh
[10:48:19] End /home/vidal/pi-gen/export-image/03-set-partuuid/00-run.sh
[10:48:19] End /home/vidal/pi-gen/export-image/03-set-partuuid
[10:48:19] Begin /home/vidal/pi-gen/export-image/04-finalise
[10:48:19] Begin /home/vidal/pi-gen/export-image/04-finalise/01-run.sh
[10:55:17] End /home/vidal/pi-gen/export-image/04-finalise/01-run.sh
[10:55:17] End /home/vidal/pi-gen/export-image/04-finalise
[10:55:17] End /home/vidal/pi-gen/export-image
[10:55:17] Begin /home/vidal/pi-gen/export-image
[10:55:17] Begin /home/vidal/pi-gen/export-image/prerun.sh
[10:59:53] End /home/vidal/pi-gen/export-image/prerun.sh
[10:59:53] Begin /home/vidal/pi-gen/export-image/00-allow-rerun
[10:59:53] Begin /home/vidal/pi-gen/export-image/00-allow-rerun/00-run.sh
[10:59:53] End /home/vidal/pi-gen/export-image/00-allow-rerun/00-run.sh
[10:59:53] End /home/vidal/pi-gen/export-image/00-allow-rerun
[10:59:53] Begin /home/vidal/pi-gen/export-image/01-set-sources
[10:59:53] Begin /home/vidal/pi-gen/export-image/01-set-sources/00-patches
[10:59:54] End /home/vidal/pi-gen/export-image/01-set-sources/00-patches
[10:59:54] Begin /home/vidal/pi-gen/export-image/01-set-sources/01-run.sh
[11:00:27] End /home/vidal/pi-gen/export-image/01-set-sources/01-run.sh
[11:00:27] End /home/vidal/pi-gen/export-image/01-set-sources
[11:00:27] Begin /home/vidal/pi-gen/export-image/02-network
[11:00:27] Begin /home/vidal/pi-gen/export-image/02-network/01-run.sh
[11:00:27] End /home/vidal/pi-gen/export-image/02-network/01-run.sh
[11:00:27] End /home/vidal/pi-gen/export-image/02-network
[11:00:27] Begin /home/vidal/pi-gen/export-image/03-set-partuuid
[11:00:27] Begin /home/vidal/pi-gen/export-image/03-set-partuuid/00-run.sh
[11:00:27] End /home/vidal/pi-gen/export-image/03-set-partuuid/00-run.sh
[11:00:27] End /home/vidal/pi-gen/export-image/03-set-partuuid
[11:00:27] Begin /home/vidal/pi-gen/export-image/04-finalise
[11:00:27] Begin /home/vidal/pi-gen/export-image/04-finalise/01-run.sh
[11:08:16] End /home/vidal/pi-gen/export-image/04-finalise/01-run.sh
[11:08:16] End /home/vidal/pi-gen/export-image/04-finalise
[11:08:16] End /home/vidal/pi-gen/export-image
[11:08:16] Begin /home/vidal/pi-gen/export-noobs
[11:08:16] Begin /home/vidal/pi-gen/export-noobs/prerun.sh
[11:30:17] End /home/vidal/pi-gen/export-noobs/prerun.sh
[11:30:17] Begin /home/vidal/pi-gen/export-noobs/00-release
[11:30:17] Begin /home/vidal/pi-gen/export-noobs/00-release/00-run.sh
[11:30:31] End /home/vidal/pi-gen/export-noobs/00-release/00-run.sh
[11:30:31] End /home/vidal/pi-gen/export-noobs/00-release
[11:30:31] End /home/vidal/pi-gen/export-noobs
[11:30:34] End /home/vidal/pi-gen
