[11:35:50] Begin /home/vidal/pi-gen
[11:35:50] Begin /home/vidal/pi-gen/stage0
[11:35:50] Begin /home/vidal/pi-gen/stage0/prerun.sh
[12:55:59] End /home/vidal/pi-gen/stage0/prerun.sh
[12:55:59] Begin /home/vidal/pi-gen/stage0/00-configure-apt
[12:55:59] Begin /home/vidal/pi-gen/stage0/00-configure-apt/00-run.sh
[12:57:30] End /home/vidal/pi-gen/stage0/00-configure-apt/00-run.sh
[12:57:31] End /home/vidal/pi-gen/stage0/00-configure-apt
[12:57:31] Begin /home/vidal/pi-gen/stage0/01-locale
[12:57:31] Begin /home/vidal/pi-gen/stage0/01-locale/00-debconf
[12:57:32] End /home/vidal/pi-gen/stage0/01-locale/00-debconf
[12:57:32] Begin /home/vidal/pi-gen/stage0/01-locale/00-packages
[12:58:43] End /home/vidal/pi-gen/stage0/01-locale/00-packages
[12:58:43] End /home/vidal/pi-gen/stage0/01-locale
[12:58:43] Begin /home/vidal/pi-gen/stage0/02-firmware
[12:58:43] Begin /home/vidal/pi-gen/stage0/02-firmware/01-packages
[13:00:53] End /home/vidal/pi-gen/stage0/02-firmware/01-packages
[13:00:53] End /home/vidal/pi-gen/stage0/02-firmware
[13:00:53] Begin /home/vidal/pi-gen/stage0/files
[13:00:53] End /home/vidal/pi-gen/stage0/files
[13:00:53] End /home/vidal/pi-gen/stage0
[13:00:53] Begin /home/vidal/pi-gen/stage1
[13:00:53] Begin /home/vidal/pi-gen/stage1/prerun.sh
[13:00:55] End /home/vidal/pi-gen/stage1/prerun.sh
[13:00:55] Begin /home/vidal/pi-gen/stage1/00-boot-files
[13:00:55] Begin /home/vidal/pi-gen/stage1/00-boot-files/00-run.sh
[13:00:55] End /home/vidal/pi-gen/stage1/00-boot-files/00-run.sh
[13:00:55] End /home/vidal/pi-gen/stage1/00-boot-files
[13:00:55] Begin /home/vidal/pi-gen/stage1/01-sys-tweaks
[13:00:55] Begin /home/vidal/pi-gen/stage1/01-sys-tweaks/00-patches
[13:00:55] End /home/vidal/pi-gen/stage1/01-sys-tweaks/00-patches
[13:00:55] Begin /home/vidal/pi-gen/stage1/01-sys-tweaks/00-run.sh
[13:00:58] End /home/vidal/pi-gen/stage1/01-sys-tweaks/00-run.sh
[13:00:58] End /home/vidal/pi-gen/stage1/01-sys-tweaks
[13:00:58] Begin /home/vidal/pi-gen/stage1/02-net-tweaks
[13:00:58] Begin /home/vidal/pi-gen/stage1/02-net-tweaks/00-patches
[13:00:58] End /home/vidal/pi-gen/stage1/02-net-tweaks/00-patches
[13:00:58] Begin /home/vidal/pi-gen/stage1/02-net-tweaks/00-run.sh
[13:00:58] End /home/vidal/pi-gen/stage1/02-net-tweaks/00-run.sh
[13:00:58] End /home/vidal/pi-gen/stage1/02-net-tweaks
[13:00:58] Begin /home/vidal/pi-gen/stage1/03-install-packages
[13:00:58] Begin /home/vidal/pi-gen/stage1/03-install-packages/00-packages
[13:03:45] End /home/vidal/pi-gen/stage1/03-install-packages/00-packages
[13:03:45] End /home/vidal/pi-gen/stage1/03-install-packages
[13:03:46] End /home/vidal/pi-gen/stage1
[13:03:46] Begin /home/vidal/pi-gen/stage2
[13:03:46] Begin /home/vidal/pi-gen/stage2/prerun.sh
[13:03:48] End /home/vidal/pi-gen/stage2/prerun.sh
[13:03:48] Begin /home/vidal/pi-gen/stage2/00-copies-and-fills
[13:03:48] Begin /home/vidal/pi-gen/stage2/00-copies-and-fills/00-run.sh
[13:03:48] End /home/vidal/pi-gen/stage2/00-copies-and-fills/00-run.sh
[13:03:48] Begin /home/vidal/pi-gen/stage2/00-copies-and-fills/01-packages
[13:04:02] End /home/vidal/pi-gen/stage2/00-copies-and-fills/01-packages
[13:04:02] Begin /home/vidal/pi-gen/stage2/00-copies-and-fills/02-run.sh
[13:04:02] End /home/vidal/pi-gen/stage2/00-copies-and-fills/02-run.sh
[13:04:02] End /home/vidal/pi-gen/stage2/00-copies-and-fills
[13:04:02] Begin /home/vidal/pi-gen/stage2/01-sys-tweaks
[13:04:02] Begin /home/vidal/pi-gen/stage2/01-sys-tweaks/00-debconf
[13:04:04] End /home/vidal/pi-gen/stage2/01-sys-tweaks/00-debconf
[13:04:04] Begin /home/vidal/pi-gen/stage2/01-sys-tweaks/00-packages-nr
[13:04:47] End /home/vidal/pi-gen/stage2/01-sys-tweaks/00-packages-nr
[13:04:47] Begin /home/vidal/pi-gen/stage2/01-sys-tweaks/00-packages
[13:19:13] End /home/vidal/pi-gen/stage2/01-sys-tweaks/00-packages
[13:19:13] Begin /home/vidal/pi-gen/stage2/01-sys-tweaks/00-patches
[13:19:13] End /home/vidal/pi-gen/stage2/01-sys-tweaks/00-patches
[13:19:13] Begin /home/vidal/pi-gen/stage2/01-sys-tweaks/01-run.sh
[13:19:40] End /home/vidal/pi-gen/stage2/01-sys-tweaks/01-run.sh
[13:19:40] End /home/vidal/pi-gen/stage2/01-sys-tweaks
[13:19:40] Begin /home/vidal/pi-gen/stage2/02-net-tweaks
[13:19:40] Begin /home/vidal/pi-gen/stage2/02-net-tweaks/00-packages
[13:21:33] End /home/vidal/pi-gen/stage2/02-net-tweaks/00-packages
[13:21:33] Begin /home/vidal/pi-gen/stage2/02-net-tweaks/01-run.sh
[13:21:33] End /home/vidal/pi-gen/stage2/02-net-tweaks/01-run.sh
[13:21:33] End /home/vidal/pi-gen/stage2/02-net-tweaks
[13:21:33] End /home/vidal/pi-gen/stage2
[13:21:34] Begin /home/vidal/pi-gen/stage3
[13:21:34] Begin /home/vidal/pi-gen/stage3/prerun.sh
[13:21:39] End /home/vidal/pi-gen/stage3/prerun.sh
[13:21:39] Begin /home/vidal/pi-gen/stage3/00-install-packages
[13:21:39] Begin /home/vidal/pi-gen/stage3/00-install-packages/00-debconf
[13:21:41] End /home/vidal/pi-gen/stage3/00-install-packages/00-debconf
[13:21:41] Begin /home/vidal/pi-gen/stage3/00-install-packages/00-packages-nr
[13:32:42] End /home/vidal/pi-gen/stage3/00-install-packages/00-packages-nr
[13:32:42] Begin /home/vidal/pi-gen/stage3/00-install-packages/00-packages
[13:45:17] End /home/vidal/pi-gen/stage3/00-install-packages/00-packages
[13:45:17] Begin /home/vidal/pi-gen/stage3/00-install-packages/01-run.sh
[13:45:18] End /home/vidal/pi-gen/stage3/00-install-packages/01-run.sh
[13:45:18] End /home/vidal/pi-gen/stage3/00-install-packages
[13:45:18] Begin /home/vidal/pi-gen/stage3/01-tweaks
[13:45:18] Begin /home/vidal/pi-gen/stage3/01-tweaks/00-run.sh
[13:45:18] End /home/vidal/pi-gen/stage3/01-tweaks/00-run.sh
[13:45:18] End /home/vidal/pi-gen/stage3/01-tweaks
[13:45:18] End /home/vidal/pi-gen/stage3
[13:45:18] Begin /home/vidal/pi-gen/stage4
[13:45:18] Begin /home/vidal/pi-gen/stage4/prerun.sh
[13:45:42] End /home/vidal/pi-gen/stage4/prerun.sh
[13:45:42] Begin /home/vidal/pi-gen/stage4/00-install-packages
[13:45:42] Begin /home/vidal/pi-gen/stage4/00-install-packages/00-debconf
[13:45:48] End /home/vidal/pi-gen/stage4/00-install-packages/00-debconf
[13:45:48] Begin /home/vidal/pi-gen/stage4/00-install-packages/00-packages-nr
[13:52:57] End /home/vidal/pi-gen/stage4/00-install-packages/00-packages-nr
[13:52:57] Begin /home/vidal/pi-gen/stage4/00-install-packages/00-packages
[14:17:52] End /home/vidal/pi-gen/stage4/00-install-packages/00-packages
[14:17:52] Begin /home/vidal/pi-gen/stage4/00-install-packages/01-packages
[14:20:32] End /home/vidal/pi-gen/stage4/00-install-packages/01-packages
[14:20:32] Begin /home/vidal/pi-gen/stage4/00-install-packages/02-packages
[14:30:00] End /home/vidal/pi-gen/stage4/00-install-packages/02-packages
[14:30:00] End /home/vidal/pi-gen/stage4/00-install-packages
[14:30:00] Begin /home/vidal/pi-gen/stage4/01-console-autologin
[14:30:00] Begin /home/vidal/pi-gen/stage4/01-console-autologin/00-run.sh
[14:30:00] End /home/vidal/pi-gen/stage4/01-console-autologin/00-run.sh
[14:30:00] End /home/vidal/pi-gen/stage4/01-console-autologin
[14:30:00] Begin /home/vidal/pi-gen/stage4/02-extras
[14:30:00] Begin /home/vidal/pi-gen/stage4/02-extras/00-run.sh
[14:30:03] End /home/vidal/pi-gen/stage4/02-extras/00-run.sh
[14:30:03] Begin /home/vidal/pi-gen/stage4/02-extras/01-run.sh
[14:30:14] End /home/vidal/pi-gen/stage4/02-extras/01-run.sh
[14:30:14] End /home/vidal/pi-gen/stage4/02-extras
[14:30:14] End /home/vidal/pi-gen/stage4
[14:30:14] Begin /home/vidal/pi-gen/stage5
[14:30:14] Begin /home/vidal/pi-gen/stage5/prerun.sh
[14:34:44] End /home/vidal/pi-gen/stage5/prerun.sh
[14:34:44] Begin /home/vidal/pi-gen/stage5/00-install-mathematica
[14:34:44] Begin /home/vidal/pi-gen/stage5/00-install-mathematica/00-debconf
[14:34:49] End /home/vidal/pi-gen/stage5/00-install-mathematica/00-debconf
[14:34:49] Begin /home/vidal/pi-gen/stage5/00-install-mathematica/00-packages
[14:42:24] End /home/vidal/pi-gen/stage5/00-install-mathematica/00-packages
[14:42:24] End /home/vidal/pi-gen/stage5/00-install-mathematica
[14:42:24] End /home/vidal/pi-gen/stage5
[14:42:24] Begin /home/vidal/pi-gen/export-image
[14:42:24] Begin /home/vidal/pi-gen/export-image/prerun.sh
[14:43:29] End /home/vidal/pi-gen/export-image/prerun.sh
[14:43:29] Begin /home/vidal/pi-gen/export-image/00-allow-rerun
[14:43:29] Begin /home/vidal/pi-gen/export-image/00-allow-rerun/00-run.sh
[14:43:29] End /home/vidal/pi-gen/export-image/00-allow-rerun/00-run.sh
[14:43:29] End /home/vidal/pi-gen/export-image/00-allow-rerun
[14:43:29] Begin /home/vidal/pi-gen/export-image/01-set-sources
[14:43:29] Begin /home/vidal/pi-gen/export-image/01-set-sources/00-patches
[14:43:30] End /home/vidal/pi-gen/export-image/01-set-sources/00-patches
[14:43:30] Begin /home/vidal/pi-gen/export-image/01-set-sources/01-run.sh
[14:44:00] End /home/vidal/pi-gen/export-image/01-set-sources/01-run.sh
[14:44:00] End /home/vidal/pi-gen/export-image/01-set-sources
[14:44:00] Begin /home/vidal/pi-gen/export-image/02-network
[14:44:00] Begin /home/vidal/pi-gen/export-image/02-network/01-run.sh
[14:44:00] End /home/vidal/pi-gen/export-image/02-network/01-run.sh
[14:44:00] End /home/vidal/pi-gen/export-image/02-network
[14:44:00] Begin /home/vidal/pi-gen/export-image/03-set-partuuid
[14:44:00] Begin /home/vidal/pi-gen/export-image/03-set-partuuid/00-run.sh
[14:44:00] End /home/vidal/pi-gen/export-image/03-set-partuuid/00-run.sh
[14:44:00] End /home/vidal/pi-gen/export-image/03-set-partuuid
[14:44:00] Begin /home/vidal/pi-gen/export-image/04-finalise
[14:44:00] Begin /home/vidal/pi-gen/export-image/04-finalise/01-run.sh
[14:45:14] End /home/vidal/pi-gen/export-image/04-finalise/01-run.sh
[14:45:14] End /home/vidal/pi-gen/export-image/04-finalise
[14:45:14] End /home/vidal/pi-gen/export-image
[14:45:17] Begin /home/vidal/pi-gen/export-noobs
[14:45:17] Begin /home/vidal/pi-gen/export-noobs/prerun.sh
[14:48:08] End /home/vidal/pi-gen/export-noobs/prerun.sh
[14:48:08] Begin /home/vidal/pi-gen/export-noobs/00-release
[14:48:08] Begin /home/vidal/pi-gen/export-noobs/00-release/00-run.sh
[14:48:08] End /home/vidal/pi-gen/export-noobs/00-release/00-run.sh
[14:48:08] End /home/vidal/pi-gen/export-noobs/00-release
[14:48:08] End /home/vidal/pi-gen/export-noobs
[14:48:08] Begin /home/vidal/pi-gen/export-image
[14:48:08] Begin /home/vidal/pi-gen/export-image/prerun.sh
[14:51:26] End /home/vidal/pi-gen/export-image/prerun.sh
[14:51:26] Begin /home/vidal/pi-gen/export-image/00-allow-rerun
[14:51:26] Begin /home/vidal/pi-gen/export-image/00-allow-rerun/00-run.sh
[14:51:26] End /home/vidal/pi-gen/export-image/00-allow-rerun/00-run.sh
[14:51:26] End /home/vidal/pi-gen/export-image/00-allow-rerun
[14:51:26] Begin /home/vidal/pi-gen/export-image/01-set-sources
[14:51:26] Begin /home/vidal/pi-gen/export-image/01-set-sources/00-patches
[14:51:26] End /home/vidal/pi-gen/export-image/01-set-sources/00-patches
[14:51:26] Begin /home/vidal/pi-gen/export-image/01-set-sources/01-run.sh
[14:51:52] End /home/vidal/pi-gen/export-image/01-set-sources/01-run.sh
[14:51:52] End /home/vidal/pi-gen/export-image/01-set-sources
[14:51:52] Begin /home/vidal/pi-gen/export-image/02-network
[14:51:52] Begin /home/vidal/pi-gen/export-image/02-network/01-run.sh
[14:51:52] End /home/vidal/pi-gen/export-image/02-network/01-run.sh
[14:51:52] End /home/vidal/pi-gen/export-image/02-network
[14:51:52] Begin /home/vidal/pi-gen/export-image/03-set-partuuid
[14:51:52] Begin /home/vidal/pi-gen/export-image/03-set-partuuid/00-run.sh
[14:51:52] End /home/vidal/pi-gen/export-image/03-set-partuuid/00-run.sh
[14:51:52] End /home/vidal/pi-gen/export-image/03-set-partuuid
[14:51:52] Begin /home/vidal/pi-gen/export-image/04-finalise
[14:51:52] Begin /home/vidal/pi-gen/export-image/04-finalise/01-run.sh
[14:58:58] End /home/vidal/pi-gen/export-image/04-finalise/01-run.sh
[14:58:58] End /home/vidal/pi-gen/export-image/04-finalise
[14:58:58] End /home/vidal/pi-gen/export-image
[14:58:58] Begin /home/vidal/pi-gen/export-image
[14:58:58] Begin /home/vidal/pi-gen/export-image/prerun.sh
[15:04:26] End /home/vidal/pi-gen/export-image/prerun.sh
[15:04:26] Begin /home/vidal/pi-gen/export-image/00-allow-rerun
[15:04:26] Begin /home/vidal/pi-gen/export-image/00-allow-rerun/00-run.sh
[15:04:26] End /home/vidal/pi-gen/export-image/00-allow-rerun/00-run.sh
[15:04:26] End /home/vidal/pi-gen/export-image/00-allow-rerun
[15:04:26] Begin /home/vidal/pi-gen/export-image/01-set-sources
[15:04:26] Begin /home/vidal/pi-gen/export-image/01-set-sources/00-patches
[15:04:27] End /home/vidal/pi-gen/export-image/01-set-sources/00-patches
[15:04:27] Begin /home/vidal/pi-gen/export-image/01-set-sources/01-run.sh
[15:04:53] End /home/vidal/pi-gen/export-image/01-set-sources/01-run.sh
[15:04:53] End /home/vidal/pi-gen/export-image/01-set-sources
[15:04:53] Begin /home/vidal/pi-gen/export-image/02-network
[15:04:54] Begin /home/vidal/pi-gen/export-image/02-network/01-run.sh
[15:04:55] End /home/vidal/pi-gen/export-image/02-network/01-run.sh
[15:04:55] End /home/vidal/pi-gen/export-image/02-network
[15:04:55] Begin /home/vidal/pi-gen/export-image/03-set-partuuid
[15:04:55] Begin /home/vidal/pi-gen/export-image/03-set-partuuid/00-run.sh
[15:04:55] End /home/vidal/pi-gen/export-image/03-set-partuuid/00-run.sh
[15:04:55] End /home/vidal/pi-gen/export-image/03-set-partuuid
[15:04:55] Begin /home/vidal/pi-gen/export-image/04-finalise
[15:04:55] Begin /home/vidal/pi-gen/export-image/04-finalise/01-run.sh
[15:13:15] End /home/vidal/pi-gen/export-image/04-finalise/01-run.sh
[15:13:15] End /home/vidal/pi-gen/export-image/04-finalise
[15:13:15] End /home/vidal/pi-gen/export-image
[15:13:15] Begin /home/vidal/pi-gen/export-noobs
[15:13:15] Begin /home/vidal/pi-gen/export-noobs/prerun.sh
[15:36:22] End /home/vidal/pi-gen/export-noobs/prerun.sh
[15:36:22] Begin /home/vidal/pi-gen/export-noobs/00-release
[15:36:22] Begin /home/vidal/pi-gen/export-noobs/00-release/00-run.sh
[15:36:37] End /home/vidal/pi-gen/export-noobs/00-release/00-run.sh
[15:36:37] End /home/vidal/pi-gen/export-noobs/00-release
[15:36:37] End /home/vidal/pi-gen/export-noobs
[15:36:39] End /home/vidal/pi-gen
