[17:47:38] Begin /home/vidal/pi-gen
[17:47:38] Begin /home/vidal/pi-gen/stage0
[17:47:38] Begin /home/vidal/pi-gen/stage0/prerun.sh
[18:12:30] End /home/vidal/pi-gen/stage0/prerun.sh
[18:12:30] Begin /home/vidal/pi-gen/stage0/00-configure-apt
[18:12:30] Begin /home/vidal/pi-gen/stage0/00-configure-apt/00-run.sh
[18:14:10] End /home/vidal/pi-gen/stage0/00-configure-apt/00-run.sh
[18:14:10] End /home/vidal/pi-gen/stage0/00-configure-apt
[18:14:10] Begin /home/vidal/pi-gen/stage0/01-locale
[18:14:10] Begin /home/vidal/pi-gen/stage0/01-locale/00-debconf
[18:14:11] End /home/vidal/pi-gen/stage0/01-locale/00-debconf
[18:14:11] Begin /home/vidal/pi-gen/stage0/01-locale/00-packages
[18:15:09] End /home/vidal/pi-gen/stage0/01-locale/00-packages
[18:15:09] End /home/vidal/pi-gen/stage0/01-locale
[18:15:09] Begin /home/vidal/pi-gen/stage0/02-firmware
[18:15:09] Begin /home/vidal/pi-gen/stage0/02-firmware/01-packages
[18:17:27] End /home/vidal/pi-gen/stage0/02-firmware/01-packages
[18:17:27] End /home/vidal/pi-gen/stage0/02-firmware
[18:17:27] Begin /home/vidal/pi-gen/stage0/files
[18:17:27] End /home/vidal/pi-gen/stage0/files
[18:17:27] End /home/vidal/pi-gen/stage0
[18:17:27] Begin /home/vidal/pi-gen/stage1
[18:17:27] Begin /home/vidal/pi-gen/stage1/prerun.sh
[18:17:29] End /home/vidal/pi-gen/stage1/prerun.sh
[18:17:29] Begin /home/vidal/pi-gen/stage1/00-boot-files
[18:17:29] Begin /home/vidal/pi-gen/stage1/00-boot-files/00-run.sh
[18:17:29] End /home/vidal/pi-gen/stage1/00-boot-files/00-run.sh
[18:17:29] End /home/vidal/pi-gen/stage1/00-boot-files
[18:17:29] Begin /home/vidal/pi-gen/stage1/01-sys-tweaks
[18:17:29] Begin /home/vidal/pi-gen/stage1/01-sys-tweaks/00-patches
[18:17:30] End /home/vidal/pi-gen/stage1/01-sys-tweaks/00-patches
[18:17:30] Begin /home/vidal/pi-gen/stage1/01-sys-tweaks/00-run.sh
[18:17:32] End /home/vidal/pi-gen/stage1/01-sys-tweaks/00-run.sh
[18:17:32] End /home/vidal/pi-gen/stage1/01-sys-tweaks
[18:17:32] Begin /home/vidal/pi-gen/stage1/02-net-tweaks
[18:17:32] Begin /home/vidal/pi-gen/stage1/02-net-tweaks/00-patches
[18:17:32] End /home/vidal/pi-gen/stage1/02-net-tweaks/00-patches
[18:17:32] Begin /home/vidal/pi-gen/stage1/02-net-tweaks/00-run.sh
[18:17:32] End /home/vidal/pi-gen/stage1/02-net-tweaks/00-run.sh
[18:17:32] End /home/vidal/pi-gen/stage1/02-net-tweaks
[18:17:32] Begin /home/vidal/pi-gen/stage1/03-install-packages
[18:17:32] Begin /home/vidal/pi-gen/stage1/03-install-packages/00-packages
[18:18:43] End /home/vidal/pi-gen/stage1/03-install-packages/00-packages
[18:18:43] End /home/vidal/pi-gen/stage1/03-install-packages
[18:18:43] End /home/vidal/pi-gen/stage1
[18:18:43] Begin /home/vidal/pi-gen/stage2
[18:18:43] Begin /home/vidal/pi-gen/stage2/prerun.sh
[18:18:45] End /home/vidal/pi-gen/stage2/prerun.sh
[18:18:45] Begin /home/vidal/pi-gen/stage2/00-copies-and-fills
[18:18:45] Begin /home/vidal/pi-gen/stage2/00-copies-and-fills/01-packages
[18:18:55] End /home/vidal/pi-gen/stage2/00-copies-and-fills/01-packages
[18:18:55] End /home/vidal/pi-gen/stage2/00-copies-and-fills
[18:18:55] Begin /home/vidal/pi-gen/stage2/01-sys-tweaks
[18:18:55] Begin /home/vidal/pi-gen/stage2/01-sys-tweaks/00-debconf
[18:18:56] End /home/vidal/pi-gen/stage2/01-sys-tweaks/00-debconf
[18:18:56] Begin /home/vidal/pi-gen/stage2/01-sys-tweaks/00-packages-nr
[18:19:46] End /home/vidal/pi-gen/stage2/01-sys-tweaks/00-packages-nr
[18:19:46] Begin /home/vidal/pi-gen/stage2/01-sys-tweaks/00-packages
[18:35:07] End /home/vidal/pi-gen/stage2/01-sys-tweaks/00-packages
[18:35:07] Begin /home/vidal/pi-gen/stage2/01-sys-tweaks/00-patches
[18:35:07] End /home/vidal/pi-gen/stage2/01-sys-tweaks/00-patches
[18:35:07] Begin /home/vidal/pi-gen/stage2/01-sys-tweaks/01-run.sh
[18:35:34] End /home/vidal/pi-gen/stage2/01-sys-tweaks/01-run.sh
[18:35:34] End /home/vidal/pi-gen/stage2/01-sys-tweaks
[18:35:34] Begin /home/vidal/pi-gen/stage2/02-net-tweaks
[18:35:34] Begin /home/vidal/pi-gen/stage2/02-net-tweaks/00-packages
[18:37:01] End /home/vidal/pi-gen/stage2/02-net-tweaks/00-packages
[18:37:01] Begin /home/vidal/pi-gen/stage2/02-net-tweaks/01-run.sh
[18:37:01] End /home/vidal/pi-gen/stage2/02-net-tweaks/01-run.sh
[18:37:01] End /home/vidal/pi-gen/stage2/02-net-tweaks
[18:37:01] End /home/vidal/pi-gen/stage2
[18:37:01] Begin /home/vidal/pi-gen/stage3
[18:37:01] Begin /home/vidal/pi-gen/stage3/prerun.sh
[18:37:06] End /home/vidal/pi-gen/stage3/prerun.sh
[18:37:06] Begin /home/vidal/pi-gen/stage3/00-install-packages
[18:37:06] Begin /home/vidal/pi-gen/stage3/00-install-packages/00-debconf
[18:37:08] End /home/vidal/pi-gen/stage3/00-install-packages/00-debconf
[18:37:08] Begin /home/vidal/pi-gen/stage3/00-install-packages/00-packages-nr
[18:47:40] End /home/vidal/pi-gen/stage3/00-install-packages/00-packages-nr
[18:47:40] Begin /home/vidal/pi-gen/stage3/00-install-packages/00-packages
[19:00:19] End /home/vidal/pi-gen/stage3/00-install-packages/00-packages
[19:00:19] Begin /home/vidal/pi-gen/stage3/00-install-packages/01-run.sh
[19:00:19] End /home/vidal/pi-gen/stage3/00-install-packages/01-run.sh
[19:00:19] End /home/vidal/pi-gen/stage3/00-install-packages
[19:00:19] Begin /home/vidal/pi-gen/stage3/01-tweaks
[19:00:19] Begin /home/vidal/pi-gen/stage3/01-tweaks/00-run.sh
[19:00:19] End /home/vidal/pi-gen/stage3/01-tweaks/00-run.sh
[19:00:19] End /home/vidal/pi-gen/stage3/01-tweaks
[19:00:19] End /home/vidal/pi-gen/stage3
[19:00:19] Begin /home/vidal/pi-gen/stage4
[19:00:19] Begin /home/vidal/pi-gen/stage4/prerun.sh
[19:00:42] End /home/vidal/pi-gen/stage4/prerun.sh
[19:00:42] Begin /home/vidal/pi-gen/stage4/00-install-packages
[19:00:42] Begin /home/vidal/pi-gen/stage4/00-install-packages/00-debconf
[19:00:47] End /home/vidal/pi-gen/stage4/00-install-packages/00-debconf
[19:00:47] Begin /home/vidal/pi-gen/stage4/00-install-packages/00-packages-nr
[19:06:42] End /home/vidal/pi-gen/stage4/00-install-packages/00-packages-nr
[19:06:42] Begin /home/vidal/pi-gen/stage4/00-install-packages/00-packages
[19:31:17] End /home/vidal/pi-gen/stage4/00-install-packages/00-packages
[19:31:17] Begin /home/vidal/pi-gen/stage4/00-install-packages/01-packages
[19:34:15] End /home/vidal/pi-gen/stage4/00-install-packages/01-packages
[19:34:15] Begin /home/vidal/pi-gen/stage4/00-install-packages/02-packages
[19:43:29] End /home/vidal/pi-gen/stage4/00-install-packages/02-packages
[19:43:29] End /home/vidal/pi-gen/stage4/00-install-packages
[19:43:29] Begin /home/vidal/pi-gen/stage4/01-console-autologin
[19:43:29] Begin /home/vidal/pi-gen/stage4/01-console-autologin/00-run.sh
[19:43:29] End /home/vidal/pi-gen/stage4/01-console-autologin/00-run.sh
[19:43:29] End /home/vidal/pi-gen/stage4/01-console-autologin
[19:43:29] Begin /home/vidal/pi-gen/stage4/02-extras
[19:43:29] Begin /home/vidal/pi-gen/stage4/02-extras/00-run.sh
[19:43:30] End /home/vidal/pi-gen/stage4/02-extras/00-run.sh
[19:43:30] Begin /home/vidal/pi-gen/stage4/02-extras/01-run.sh
[19:43:41] End /home/vidal/pi-gen/stage4/02-extras/01-run.sh
[19:43:41] End /home/vidal/pi-gen/stage4/02-extras
[19:43:41] End /home/vidal/pi-gen/stage4
[19:43:41] Begin /home/vidal/pi-gen/stage5
[19:43:41] Begin /home/vidal/pi-gen/stage5/prerun.sh
[19:47:48] End /home/vidal/pi-gen/stage5/prerun.sh
[19:47:48] Begin /home/vidal/pi-gen/stage5/00-install-mathematica
[19:47:48] Begin /home/vidal/pi-gen/stage5/00-install-mathematica/00-debconf
[19:47:56] End /home/vidal/pi-gen/stage5/00-install-mathematica/00-debconf
[19:47:56] Begin /home/vidal/pi-gen/stage5/00-install-mathematica/00-packages
[19:56:08] End /home/vidal/pi-gen/stage5/00-install-mathematica/00-packages
[19:56:08] End /home/vidal/pi-gen/stage5/00-install-mathematica
[19:56:08] End /home/vidal/pi-gen/stage5
[19:56:09] Begin /home/vidal/pi-gen/export-image
[19:56:09] Begin /home/vidal/pi-gen/export-image/prerun.sh
[19:57:35] End /home/vidal/pi-gen/export-image/prerun.sh
[19:57:35] Begin /home/vidal/pi-gen/export-image/00-allow-rerun
[19:57:35] Begin /home/vidal/pi-gen/export-image/00-allow-rerun/00-run.sh
[19:57:35] End /home/vidal/pi-gen/export-image/00-allow-rerun/00-run.sh
[19:57:35] End /home/vidal/pi-gen/export-image/00-allow-rerun
[19:57:35] Begin /home/vidal/pi-gen/export-image/01-set-sources
[19:57:35] Begin /home/vidal/pi-gen/export-image/01-set-sources/00-patches
[19:57:36] End /home/vidal/pi-gen/export-image/01-set-sources/00-patches
[19:57:36] Begin /home/vidal/pi-gen/export-image/01-set-sources/01-run.sh
[19:58:04] End /home/vidal/pi-gen/export-image/01-set-sources/01-run.sh
[19:58:04] End /home/vidal/pi-gen/export-image/01-set-sources
[19:58:04] Begin /home/vidal/pi-gen/export-image/02-network
[19:58:04] Begin /home/vidal/pi-gen/export-image/02-network/01-run.sh
[19:58:04] End /home/vidal/pi-gen/export-image/02-network/01-run.sh
[19:58:04] End /home/vidal/pi-gen/export-image/02-network
[19:58:04] Begin /home/vidal/pi-gen/export-image/03-set-partuuid
[19:58:04] Begin /home/vidal/pi-gen/export-image/03-set-partuuid/00-run.sh
[19:58:04] End /home/vidal/pi-gen/export-image/03-set-partuuid/00-run.sh
[19:58:04] End /home/vidal/pi-gen/export-image/03-set-partuuid
[19:58:04] Begin /home/vidal/pi-gen/export-image/04-finalise
[19:58:04] Begin /home/vidal/pi-gen/export-image/04-finalise/01-run.sh
[19:59:24] End /home/vidal/pi-gen/export-image/04-finalise/01-run.sh
[19:59:24] End /home/vidal/pi-gen/export-image/04-finalise
[19:59:24] End /home/vidal/pi-gen/export-image
[19:59:25] Begin /home/vidal/pi-gen/export-noobs
[19:59:25] Begin /home/vidal/pi-gen/export-noobs/prerun.sh
[20:02:20] End /home/vidal/pi-gen/export-noobs/prerun.sh
[20:02:20] Begin /home/vidal/pi-gen/export-noobs/00-release
[20:02:20] Begin /home/vidal/pi-gen/export-noobs/00-release/00-run.sh
[20:02:20] End /home/vidal/pi-gen/export-noobs/00-release/00-run.sh
[20:02:20] End /home/vidal/pi-gen/export-noobs/00-release
[20:02:20] End /home/vidal/pi-gen/export-noobs
[20:02:20] Begin /home/vidal/pi-gen/export-image
[20:02:20] Begin /home/vidal/pi-gen/export-image/prerun.sh
[20:05:51] End /home/vidal/pi-gen/export-image/prerun.sh
[20:05:51] Begin /home/vidal/pi-gen/export-image/00-allow-rerun
[20:05:51] Begin /home/vidal/pi-gen/export-image/00-allow-rerun/00-run.sh
[20:05:51] End /home/vidal/pi-gen/export-image/00-allow-rerun/00-run.sh
[20:05:51] End /home/vidal/pi-gen/export-image/00-allow-rerun
[20:05:51] Begin /home/vidal/pi-gen/export-image/01-set-sources
[20:05:51] Begin /home/vidal/pi-gen/export-image/01-set-sources/00-patches
[20:05:51] End /home/vidal/pi-gen/export-image/01-set-sources/00-patches
[20:05:51] Begin /home/vidal/pi-gen/export-image/01-set-sources/01-run.sh
[20:06:18] End /home/vidal/pi-gen/export-image/01-set-sources/01-run.sh
[20:06:18] End /home/vidal/pi-gen/export-image/01-set-sources
[20:06:18] Begin /home/vidal/pi-gen/export-image/02-network
[20:06:18] Begin /home/vidal/pi-gen/export-image/02-network/01-run.sh
[20:06:19] End /home/vidal/pi-gen/export-image/02-network/01-run.sh
[20:06:19] End /home/vidal/pi-gen/export-image/02-network
[20:06:19] Begin /home/vidal/pi-gen/export-image/03-set-partuuid
[20:06:19] Begin /home/vidal/pi-gen/export-image/03-set-partuuid/00-run.sh
[20:06:19] End /home/vidal/pi-gen/export-image/03-set-partuuid/00-run.sh
[20:06:19] End /home/vidal/pi-gen/export-image/03-set-partuuid
[20:06:19] Begin /home/vidal/pi-gen/export-image/04-finalise
[20:06:19] Begin /home/vidal/pi-gen/export-image/04-finalise/01-run.sh
[20:13:37] End /home/vidal/pi-gen/export-image/04-finalise/01-run.sh
[20:13:37] End /home/vidal/pi-gen/export-image/04-finalise
[20:13:37] End /home/vidal/pi-gen/export-image
[20:13:37] Begin /home/vidal/pi-gen/export-image
[20:13:37] Begin /home/vidal/pi-gen/export-image/prerun.sh
[20:19:10] End /home/vidal/pi-gen/export-image/prerun.sh
[20:19:10] Begin /home/vidal/pi-gen/export-image/00-allow-rerun
[20:19:10] Begin /home/vidal/pi-gen/export-image/00-allow-rerun/00-run.sh
[20:19:10] End /home/vidal/pi-gen/export-image/00-allow-rerun/00-run.sh
[20:19:10] End /home/vidal/pi-gen/export-image/00-allow-rerun
[20:19:10] Begin /home/vidal/pi-gen/export-image/01-set-sources
[20:19:10] Begin /home/vidal/pi-gen/export-image/01-set-sources/00-patches
[20:19:10] End /home/vidal/pi-gen/export-image/01-set-sources/00-patches
[20:19:10] Begin /home/vidal/pi-gen/export-image/01-set-sources/01-run.sh
[20:19:39] End /home/vidal/pi-gen/export-image/01-set-sources/01-run.sh
[20:19:39] End /home/vidal/pi-gen/export-image/01-set-sources
[20:19:40] Begin /home/vidal/pi-gen/export-image/02-network
[20:19:40] Begin /home/vidal/pi-gen/export-image/02-network/01-run.sh
[20:19:40] End /home/vidal/pi-gen/export-image/02-network/01-run.sh
[20:19:40] End /home/vidal/pi-gen/export-image/02-network
[20:19:40] Begin /home/vidal/pi-gen/export-image/03-set-partuuid
[20:19:40] Begin /home/vidal/pi-gen/export-image/03-set-partuuid/00-run.sh
[20:19:41] End /home/vidal/pi-gen/export-image/03-set-partuuid/00-run.sh
[20:19:41] End /home/vidal/pi-gen/export-image/03-set-partuuid
[20:19:41] Begin /home/vidal/pi-gen/export-image/04-finalise
[20:19:41] Begin /home/vidal/pi-gen/export-image/04-finalise/01-run.sh
[20:27:46] End /home/vidal/pi-gen/export-image/04-finalise/01-run.sh
[20:27:46] End /home/vidal/pi-gen/export-image/04-finalise
[20:27:46] End /home/vidal/pi-gen/export-image
[20:27:46] Begin /home/vidal/pi-gen/export-noobs
[20:27:46] Begin /home/vidal/pi-gen/export-noobs/prerun.sh
[20:48:49] End /home/vidal/pi-gen/export-noobs/prerun.sh
[20:48:49] Begin /home/vidal/pi-gen/export-noobs/00-release
[20:48:49] Begin /home/vidal/pi-gen/export-noobs/00-release/00-run.sh
[20:49:00] End /home/vidal/pi-gen/export-noobs/00-release/00-run.sh
[20:49:00] End /home/vidal/pi-gen/export-noobs/00-release
[20:49:00] End /home/vidal/pi-gen/export-noobs
[20:49:01] End /home/vidal/pi-gen
